This file contains any messages produced by compilers while
running configure, to aid debugging if configure makes a mistake.

It was created by PARC Assembly Test Programs configure ?, which was
generated by GNU Autoconf 2.69.  Invocation command line was

  $ ../configure --host=maven

## --------- ##
## Platform. ##
## --------- ##

hostname = Matthews-MBP-10.stdusr.yale.internal
uname -m = arm64
uname -r = 23.6.0
uname -s = Darwin
uname -v = Darwin Kernel Version 23.6.0: Fri Jul  5 18:01:46 PDT 2024; root:xnu-10063.141.1~2/RELEASE_ARM64_T8112

/usr/bin/uname -p = arm
/bin/uname -X     = unknown

/bin/arch              = unknown
/usr/bin/arch -k       = unknown
/usr/convex/getsysinfo = unknown
/usr/bin/hostinfo      = Mach kernel version:
	 Darwin Kernel Version 23.6.0: Fri Jul  5 18:01:46 PDT 2024; root:xnu-10063.141.1~2/RELEASE_ARM64_T8112
Kernel configured for up to 8 processors.
8 processors are physically available.
8 processors are logically available.
Processor type: arm64e (ARM64E)
Processors active: 0 1 2 3 4 5 6 7
Primary memory available: 8.00 gigabytes
Default processor set: 481 tasks, 2659 threads, 8 processors
Load average: 2.02, Mach factor: 5.96
/bin/machine           = unknown
/usr/bin/oslevel       = unknown
/bin/universe          = unknown

PATH: /usr/bin/
PATH: /Users/matthewdobre/Documents/spring25/lab2/cpsc420-lab2/local/bin
PATH: /Users/matthewdobre/Documents/spring25/lab2/cpsc420-lab2/local/encap/maven-sys-xcc/bin
PATH: /opt/homebrew/opt/llvm/bin
PATH: /opt/bin
PATH: /opt/homebrew/Cellar/llvm/18.1.8/bin/
PATH: /opt/anaconda3/bin
PATH: /opt/homebrew/bin
PATH: /opt/homebrew/sbin
PATH: /usr/local/bin
PATH: /System/Cryptexes/App/usr/bin
PATH: /usr/bin
PATH: /bin
PATH: /usr/sbin
PATH: /sbin
PATH: /var/run/com.apple.security.cryptexd/codex.system/bootstrap/usr/local/bin
PATH: /var/run/com.apple.security.cryptexd/codex.system/bootstrap/usr/bin
PATH: /var/run/com.apple.security.cryptexd/codex.system/bootstrap/usr/appleinternal/bin
PATH: /opt/X11/bin
PATH: /Users/matthewdobre/act/bin


## ----------- ##
## Core tests. ##
## ----------- ##

configure:1809: checking build system type
configure:1823: result: arm-apple-darwin23.6.0
configure:1843: checking host system type
configure:1856: result: mipsmavenel-ucb-elf
configure:1890: checking for maven-gcc
configure:1920: result: no
configure:1930: checking for gcc
configure:1946: found /usr/bin//gcc
configure:1957: result: gcc
configure:2186: checking for C compiler version
configure:2195: gcc --version >&5
Apple clang version 15.0.0 (clang-1500.3.9.4)
Target: arm64-apple-darwin23.6.0
Thread model: posix
InstalledDir: /Library/Developer/CommandLineTools/usr/bin
configure:2206: $? = 0
configure:2195: gcc -v >&5
Apple clang version 15.0.0 (clang-1500.3.9.4)
Target: arm64-apple-darwin23.6.0
Thread model: posix
InstalledDir: /Library/Developer/CommandLineTools/usr/bin
configure:2206: $? = 0
configure:2195: gcc -V >&5
clang: error: argument to '-V' is missing (expected 1 value)
clang: error: no input files
configure:2206: $? = 1
configure:2195: gcc -qversion >&5
clang: error: unknown argument '-qversion'; did you mean '--version'?
clang: error: no input files
configure:2206: $? = 1
configure:2226: checking whether the C compiler works
configure:2248: gcc    conftest.c  >&5
configure:2252: $? = 0
configure:2300: result: yes
configure:2303: checking for C compiler default output file name
configure:2305: result: a.out
configure:2311: checking for suffix of executables
configure:2318: gcc -o conftest    conftest.c  >&5
configure:2322: $? = 0
configure:2344: result: 
configure:2366: checking whether we are cross compiling
configure:2374: gcc -o conftest    conftest.c  >&5
configure:2378: $? = 0
configure:2385: ./conftest
configure:2389: $? = 0
configure:2404: result: no
configure:2409: checking for suffix of object files
configure:2431: gcc -c   conftest.c >&5
configure:2435: $? = 0
configure:2456: result: o
configure:2460: checking whether we are using the GNU C compiler
configure:2479: gcc -c   conftest.c >&5
configure:2479: $? = 0
configure:2488: result: yes
configure:2497: checking whether gcc accepts -g
configure:2517: gcc -c -g  conftest.c >&5
configure:2517: $? = 0
configure:2558: result: yes
configure:2575: checking for gcc option to accept ISO C89
configure:2638: gcc  -c -g -O2  conftest.c >&5
conftest.c:15:14: warning: a function definition without a prototype is deprecated in all versions of C and is not supported in C2x [-Wdeprecated-non-prototype]
static char *e (p, i)
             ^
1 warning generated.
configure:2638: $? = 0
configure:2651: result: none needed
configure:2700: checking for a BSD-compatible install
configure:2768: result: /usr/bin//install -c
configure:2908: checking for maven-isa-testrun
configure:2938: result: no
configure:2908: checking for maven-testrun
configure:2938: result: no
configure:2952: checking for isa-testrun
configure:2982: result: no
configure:2952: checking for testrun
configure:2982: result: no
configure:3005: error: Cannot find simulator for target 

## ---------------- ##
## Cache variables. ##
## ---------------- ##

ac_cv_build=arm-apple-darwin23.6.0
ac_cv_c_compiler_gnu=yes
ac_cv_env_CC_set=
ac_cv_env_CC_value=
ac_cv_env_CFLAGS_set=
ac_cv_env_CFLAGS_value=
ac_cv_env_CPPFLAGS_set=
ac_cv_env_CPPFLAGS_value=
ac_cv_env_LDFLAGS_set=
ac_cv_env_LDFLAGS_value=
ac_cv_env_LIBS_set=
ac_cv_env_LIBS_value=
ac_cv_env_STOW_PREFIX_set=
ac_cv_env_STOW_PREFIX_value=
ac_cv_env_STOW_ROOT_set=
ac_cv_env_STOW_ROOT_value=
ac_cv_env_build_alias_set=
ac_cv_env_build_alias_value=
ac_cv_env_host_alias_set=set
ac_cv_env_host_alias_value=maven
ac_cv_env_target_alias_set=
ac_cv_env_target_alias_value=
ac_cv_host=mipsmavenel-ucb-elf
ac_cv_objext=o
ac_cv_path_install='/usr/bin//install -c'
ac_cv_prog_ac_ct_CC=gcc
ac_cv_prog_cc_c89=
ac_cv_prog_cc_g=yes

## ----------------- ##
## Output variables. ##
## ----------------- ##

CC='gcc'
CFLAGS='-Wall'
CPPFLAGS=''
DEFS=''
ECHO_C='\c'
ECHO_N=''
ECHO_T=''
EXEEXT=''
INSTALL_DATA='${INSTALL} -m 644'
INSTALL_PROGRAM='${INSTALL}'
INSTALL_SCRIPT='${INSTALL}'
LDFLAGS=''
LIBOBJS=''
LIBS=''
LTLIBOBJS=''
OBJEXT='o'
PACKAGE_BUGREPORT='Ji Kim'
PACKAGE_NAME='PARC Assembly Test Programs'
PACKAGE_STRING='PARC Assembly Test Programs ?'
PACKAGE_TARNAME='parc-test'
PACKAGE_URL=''
PACKAGE_VERSION='?'
PATH_SEPARATOR=':'
RUN='no'
RUNFLAGS=''
SHELL='/bin/sh'
STOW_PREFIX=''
STOW_ROOT=''
ac_ct_CC='gcc'
ac_ct_RUN=''
bindir='${exec_prefix}/bin'
build='arm-apple-darwin23.6.0'
build_alias=''
build_cpu='arm'
build_os='darwin23.6.0'
build_vendor='apple'
datadir='${datarootdir}'
datarootdir='${prefix}/share'
docdir='${datarootdir}/doc/${PACKAGE_TARNAME}'
dvidir='${docdir}'
enable_stow='no'
exec_prefix='NONE'
host='mipsmavenel-ucb-elf'
host_alias='maven'
host_cpu='mipsmavenel'
host_os='elf'
host_vendor='ucb'
htmldir='${docdir}'
includedir='${prefix}/include'
infodir='${datarootdir}/info'
libdir='${exec_prefix}/lib'
libexecdir='${exec_prefix}/libexec'
localedir='${datarootdir}/locale'
localstatedir='${prefix}/var'
mandir='${datarootdir}/man'
oldincludedir='/usr/include'
pdfdir='${docdir}'
prefix='NONE'
program_transform_name='s,x,x,'
psdir='${docdir}'
runstatedir='${localstatedir}/run'
sbindir='${exec_prefix}/sbin'
sharedstatedir='${prefix}/com'
stow=''
sysconfdir='${prefix}/etc'
target_alias=''
tmod_include=''

## ----------- ##
## confdefs.h. ##
## ----------- ##

/* confdefs.h */
#define PACKAGE_NAME "PARC Assembly Test Programs"
#define PACKAGE_TARNAME "parc-test"
#define PACKAGE_VERSION "?"
#define PACKAGE_STRING "PARC Assembly Test Programs ?"
#define PACKAGE_BUGREPORT "Ji Kim"
#define PACKAGE_URL ""

configure: exit 1
